<?xml version="1.0" encoding="UTF-8"?>
<testsuite name="ceaserCypherTest" tests="1" skipped="0" failures="0" errors="0" timestamp="2019-04-06T09:21:07" hostname="david-HP-EliteBook-8460p" time="0.001">
  <properties/>
  <testcase name="ceaserCypher_encryptText_ArrayList" classname="ceaserCypherTest" time="0.001"/>
  <system-out><![CDATA[]]></system-out>
  <system-err><![CDATA[]]></system-err>
</testsuite>
